[27-Feb-2025 09:20:37 UTC] PHP Warning:  include(C:\xampp\htdocs\hotelmd/wp-content/themes/mandarinhotel/emails/job-application.php): Failed to open stream: No such file or directory in C:\xampp\htdocs\hotelmd\wp-content\themes\mandarinhotel\functions.php on line 358
[27-Feb-2025 09:20:37 UTC] PHP Warning:  include(): Failed opening 'C:\xampp\htdocs\hotelmd/wp-content/themes/mandarinhotel/emails/job-application.php' for inclusion (include_path='C:\xampp\php\PEAR') in C:\xampp\htdocs\hotelmd\wp-content\themes\mandarinhotel\functions.php on line 358
[27-Feb-2025 09:20:38 UTC] PHP Warning:  include(C:\xampp\htdocs\hotelmd/wp-content/themes/mandarinhotel/emails/job-application.php): Failed to open stream: No such file or directory in C:\xampp\htdocs\hotelmd\wp-content\themes\mandarinhotel\functions.php on line 358
[27-Feb-2025 09:20:38 UTC] PHP Warning:  include(): Failed opening 'C:\xampp\htdocs\hotelmd/wp-content/themes/mandarinhotel/emails/job-application.php' for inclusion (include_path='C:\xampp\php\PEAR') in C:\xampp\htdocs\hotelmd\wp-content\themes\mandarinhotel\functions.php on line 358
[27-Feb-2025 09:21:28 UTC] PHP Warning:  include(C:\xampp\htdocs\hotelmd/wp-content/themes/mandarinhotel/emails/job-application.php): Failed to open stream: No such file or directory in C:\xampp\htdocs\hotelmd\wp-content\themes\mandarinhotel\functions.php on line 358
[27-Feb-2025 09:21:28 UTC] PHP Warning:  include(): Failed opening 'C:\xampp\htdocs\hotelmd/wp-content/themes/mandarinhotel/emails/job-application.php' for inclusion (include_path='C:\xampp\php\PEAR') in C:\xampp\htdocs\hotelmd\wp-content\themes\mandarinhotel\functions.php on line 358
[27-Feb-2025 09:21:31 UTC] PHP Warning:  include(C:\xampp\htdocs\hotelmd/wp-content/themes/mandarinhotel/emails/job-application.php): Failed to open stream: No such file or directory in C:\xampp\htdocs\hotelmd\wp-content\themes\mandarinhotel\functions.php on line 358
[27-Feb-2025 09:21:31 UTC] PHP Warning:  include(C:\xampp\htdocs\hotelmd/wp-content/themes/mandarinhotel/emails/job-application.php): Failed to open stream: No such file or directory in C:\xampp\htdocs\hotelmd\wp-content\themes\mandarinhotel\functions.php on line 358
[27-Feb-2025 09:21:31 UTC] PHP Warning:  include(): Failed opening 'C:\xampp\htdocs\hotelmd/wp-content/themes/mandarinhotel/emails/job-application.php' for inclusion (include_path='C:\xampp\php\PEAR') in C:\xampp\htdocs\hotelmd\wp-content\themes\mandarinhotel\functions.php on line 358
[27-Feb-2025 09:21:31 UTC] PHP Warning:  include(): Failed opening 'C:\xampp\htdocs\hotelmd/wp-content/themes/mandarinhotel/emails/job-application.php' for inclusion (include_path='C:\xampp\php\PEAR') in C:\xampp\htdocs\hotelmd\wp-content\themes\mandarinhotel\functions.php on line 358
[27-Feb-2025 09:21:32 UTC] PHP Warning:  include(C:\xampp\htdocs\hotelmd/wp-content/themes/mandarinhotel/emails/job-application.php): Failed to open stream: No such file or directory in C:\xampp\htdocs\hotelmd\wp-content\themes\mandarinhotel\functions.php on line 358
[27-Feb-2025 09:21:32 UTC] PHP Warning:  include(): Failed opening 'C:\xampp\htdocs\hotelmd/wp-content/themes/mandarinhotel/emails/job-application.php' for inclusion (include_path='C:\xampp\php\PEAR') in C:\xampp\htdocs\hotelmd\wp-content\themes\mandarinhotel\functions.php on line 358
[27-Feb-2025 09:21:36 UTC] PHP Warning:  include(C:\xampp\htdocs\hotelmd/wp-content/themes/mandarinhotel/emails/job-application.php): Failed to open stream: No such file or directory in C:\xampp\htdocs\hotelmd\wp-content\themes\mandarinhotel\functions.php on line 358
[27-Feb-2025 09:21:36 UTC] PHP Warning:  include(): Failed opening 'C:\xampp\htdocs\hotelmd/wp-content/themes/mandarinhotel/emails/job-application.php' for inclusion (include_path='C:\xampp\php\PEAR') in C:\xampp\htdocs\hotelmd\wp-content\themes\mandarinhotel\functions.php on line 358
[27-Feb-2025 09:26:40 UTC] PHP Warning:  include(C:\xampp\htdocs\hotelmd/wp-content/themes/mandarinhotel/emails/job-application.php): Failed to open stream: No such file or directory in C:\xampp\htdocs\hotelmd\wp-content\themes\mandarinhotel\functions.php on line 358
[27-Feb-2025 09:26:40 UTC] PHP Warning:  include(): Failed opening 'C:\xampp\htdocs\hotelmd/wp-content/themes/mandarinhotel/emails/job-application.php' for inclusion (include_path='C:\xampp\php\PEAR') in C:\xampp\htdocs\hotelmd\wp-content\themes\mandarinhotel\functions.php on line 358
[27-Feb-2025 09:26:44 UTC] PHP Warning:  include(C:\xampp\htdocs\hotelmd/wp-content/themes/mandarinhotel/emails/job-application.php): Failed to open stream: No such file or directory in C:\xampp\htdocs\hotelmd\wp-content\themes\mandarinhotel\functions.php on line 358
[27-Feb-2025 09:26:44 UTC] PHP Warning:  include(): Failed opening 'C:\xampp\htdocs\hotelmd/wp-content/themes/mandarinhotel/emails/job-application.php' for inclusion (include_path='C:\xampp\php\PEAR') in C:\xampp\htdocs\hotelmd\wp-content\themes\mandarinhotel\functions.php on line 358
[27-Feb-2025 09:26:44 UTC] PHP Warning:  include(C:\xampp\htdocs\hotelmd/wp-content/themes/mandarinhotel/emails/job-application.php): Failed to open stream: No such file or directory in C:\xampp\htdocs\hotelmd\wp-content\themes\mandarinhotel\functions.php on line 358
[27-Feb-2025 09:26:44 UTC] PHP Warning:  include(): Failed opening 'C:\xampp\htdocs\hotelmd/wp-content/themes/mandarinhotel/emails/job-application.php' for inclusion (include_path='C:\xampp\php\PEAR') in C:\xampp\htdocs\hotelmd\wp-content\themes\mandarinhotel\functions.php on line 358
[27-Feb-2025 09:26:44 UTC] PHP Warning:  include(C:\xampp\htdocs\hotelmd/wp-content/themes/mandarinhotel/emails/job-application.php): Failed to open stream: No such file or directory in C:\xampp\htdocs\hotelmd\wp-content\themes\mandarinhotel\functions.php on line 358
[27-Feb-2025 09:26:44 UTC] PHP Warning:  include(): Failed opening 'C:\xampp\htdocs\hotelmd/wp-content/themes/mandarinhotel/emails/job-application.php' for inclusion (include_path='C:\xampp\php\PEAR') in C:\xampp\htdocs\hotelmd\wp-content\themes\mandarinhotel\functions.php on line 358
[27-Feb-2025 09:26:45 UTC] PHP Warning:  include(C:\xampp\htdocs\hotelmd/wp-content/themes/mandarinhotel/emails/job-application.php): Failed to open stream: No such file or directory in C:\xampp\htdocs\hotelmd\wp-content\themes\mandarinhotel\functions.php on line 358
[27-Feb-2025 09:26:45 UTC] PHP Warning:  include(): Failed opening 'C:\xampp\htdocs\hotelmd/wp-content/themes/mandarinhotel/emails/job-application.php' for inclusion (include_path='C:\xampp\php\PEAR') in C:\xampp\htdocs\hotelmd\wp-content\themes\mandarinhotel\functions.php on line 358
[27-Feb-2025 09:26:48 UTC] PHP Warning:  include(C:\xampp\htdocs\hotelmd/wp-content/themes/mandarinhotel/emails/job-application.php): Failed to open stream: No such file or directory in C:\xampp\htdocs\hotelmd\wp-content\themes\mandarinhotel\functions.php on line 358
[27-Feb-2025 09:26:48 UTC] PHP Warning:  include(): Failed opening 'C:\xampp\htdocs\hotelmd/wp-content/themes/mandarinhotel/emails/job-application.php' for inclusion (include_path='C:\xampp\php\PEAR') in C:\xampp\htdocs\hotelmd\wp-content\themes\mandarinhotel\functions.php on line 358
[27-Feb-2025 09:26:50 UTC] PHP Warning:  include(C:\xampp\htdocs\hotelmd/wp-content/themes/mandarinhotel/emails/job-application.php): Failed to open stream: No such file or directory in C:\xampp\htdocs\hotelmd\wp-content\themes\mandarinhotel\functions.php on line 358
[27-Feb-2025 09:26:50 UTC] PHP Warning:  include(): Failed opening 'C:\xampp\htdocs\hotelmd/wp-content/themes/mandarinhotel/emails/job-application.php' for inclusion (include_path='C:\xampp\php\PEAR') in C:\xampp\htdocs\hotelmd\wp-content\themes\mandarinhotel\functions.php on line 358
[27-Feb-2025 09:27:39 UTC] PHP Warning:  include(C:\xampp\htdocs\hotelmd/wp-content/themes/mandarinhotel/emails/job-application.php): Failed to open stream: No such file or directory in C:\xampp\htdocs\hotelmd\wp-content\themes\mandarinhotel\functions.php on line 358
[27-Feb-2025 09:27:39 UTC] PHP Warning:  include(C:\xampp\htdocs\hotelmd/wp-content/themes/mandarinhotel/emails/job-application.php): Failed to open stream: No such file or directory in C:\xampp\htdocs\hotelmd\wp-content\themes\mandarinhotel\functions.php on line 358
[27-Feb-2025 09:27:39 UTC] PHP Warning:  include(): Failed opening 'C:\xampp\htdocs\hotelmd/wp-content/themes/mandarinhotel/emails/job-application.php' for inclusion (include_path='C:\xampp\php\PEAR') in C:\xampp\htdocs\hotelmd\wp-content\themes\mandarinhotel\functions.php on line 358
[27-Feb-2025 09:27:39 UTC] PHP Warning:  include(): Failed opening 'C:\xampp\htdocs\hotelmd/wp-content/themes/mandarinhotel/emails/job-application.php' for inclusion (include_path='C:\xampp\php\PEAR') in C:\xampp\htdocs\hotelmd\wp-content\themes\mandarinhotel\functions.php on line 358
[27-Feb-2025 09:27:39 UTC] PHP Warning:  include(C:\xampp\htdocs\hotelmd/wp-content/themes/mandarinhotel/emails/job-application.php): Failed to open stream: No such file or directory in C:\xampp\htdocs\hotelmd\wp-content\themes\mandarinhotel\functions.php on line 358
[27-Feb-2025 09:27:39 UTC] PHP Warning:  include(): Failed opening 'C:\xampp\htdocs\hotelmd/wp-content/themes/mandarinhotel/emails/job-application.php' for inclusion (include_path='C:\xampp\php\PEAR') in C:\xampp\htdocs\hotelmd\wp-content\themes\mandarinhotel\functions.php on line 358
[27-Feb-2025 09:27:40 UTC] PHP Warning:  include(C:\xampp\htdocs\hotelmd/wp-content/themes/mandarinhotel/emails/job-application.php): Failed to open stream: No such file or directory in C:\xampp\htdocs\hotelmd\wp-content\themes\mandarinhotel\functions.php on line 358
[27-Feb-2025 09:27:40 UTC] PHP Warning:  include(): Failed opening 'C:\xampp\htdocs\hotelmd/wp-content/themes/mandarinhotel/emails/job-application.php' for inclusion (include_path='C:\xampp\php\PEAR') in C:\xampp\htdocs\hotelmd\wp-content\themes\mandarinhotel\functions.php on line 358
[27-Feb-2025 09:27:41 UTC] PHP Warning:  include(C:\xampp\htdocs\hotelmd/wp-content/themes/mandarinhotel/emails/job-application.php): Failed to open stream: No such file or directory in C:\xampp\htdocs\hotelmd\wp-content\themes\mandarinhotel\functions.php on line 358
[27-Feb-2025 09:27:41 UTC] PHP Warning:  include(): Failed opening 'C:\xampp\htdocs\hotelmd/wp-content/themes/mandarinhotel/emails/job-application.php' for inclusion (include_path='C:\xampp\php\PEAR') in C:\xampp\htdocs\hotelmd\wp-content\themes\mandarinhotel\functions.php on line 358
[27-Feb-2025 09:29:25 UTC] PHP Warning:  include(C:\xampp\htdocs\hotelmd/wp-content/themes/mandarinhotel/emails/job-application.php): Failed to open stream: No such file or directory in C:\xampp\htdocs\hotelmd\wp-content\themes\mandarinhotel\functions.php on line 358
[27-Feb-2025 09:29:25 UTC] PHP Warning:  include(): Failed opening 'C:\xampp\htdocs\hotelmd/wp-content/themes/mandarinhotel/emails/job-application.php' for inclusion (include_path='C:\xampp\php\PEAR') in C:\xampp\htdocs\hotelmd\wp-content\themes\mandarinhotel\functions.php on line 358
[27-Feb-2025 09:29:27 UTC] PHP Warning:  include(C:\xampp\htdocs\hotelmd/wp-content/themes/mandarinhotel/emails/job-application.php): Failed to open stream: No such file or directory in C:\xampp\htdocs\hotelmd\wp-content\themes\mandarinhotel\functions.php on line 358
[27-Feb-2025 09:29:27 UTC] PHP Warning:  include(): Failed opening 'C:\xampp\htdocs\hotelmd/wp-content/themes/mandarinhotel/emails/job-application.php' for inclusion (include_path='C:\xampp\php\PEAR') in C:\xampp\htdocs\hotelmd\wp-content\themes\mandarinhotel\functions.php on line 358
[27-Feb-2025 09:31:39 UTC] PHP Warning:  include(C:\xampp\htdocs\hotelmd/wp-content/themes/mandarinhotel/emails/job-application.php): Failed to open stream: No such file or directory in C:\xampp\htdocs\hotelmd\wp-content\themes\mandarinhotel\functions.php on line 356
[27-Feb-2025 09:31:39 UTC] PHP Warning:  include(): Failed opening 'C:\xampp\htdocs\hotelmd/wp-content/themes/mandarinhotel/emails/job-application.php' for inclusion (include_path='C:\xampp\php\PEAR') in C:\xampp\htdocs\hotelmd\wp-content\themes\mandarinhotel\functions.php on line 356
[27-Feb-2025 09:31:42 UTC] PHP Warning:  include(C:\xampp\htdocs\hotelmd/wp-content/themes/mandarinhotel/emails/job-application.php): Failed to open stream: No such file or directory in C:\xampp\htdocs\hotelmd\wp-content\themes\mandarinhotel\functions.php on line 356
[27-Feb-2025 09:31:42 UTC] PHP Warning:  include(): Failed opening 'C:\xampp\htdocs\hotelmd/wp-content/themes/mandarinhotel/emails/job-application.php' for inclusion (include_path='C:\xampp\php\PEAR') in C:\xampp\htdocs\hotelmd\wp-content\themes\mandarinhotel\functions.php on line 356
[27-Feb-2025 09:31:42 UTC] PHP Warning:  include(C:\xampp\htdocs\hotelmd/wp-content/themes/mandarinhotel/emails/job-application.php): Failed to open stream: No such file or directory in C:\xampp\htdocs\hotelmd\wp-content\themes\mandarinhotel\functions.php on line 356
[27-Feb-2025 09:31:42 UTC] PHP Warning:  include(): Failed opening 'C:\xampp\htdocs\hotelmd/wp-content/themes/mandarinhotel/emails/job-application.php' for inclusion (include_path='C:\xampp\php\PEAR') in C:\xampp\htdocs\hotelmd\wp-content\themes\mandarinhotel\functions.php on line 356
[27-Feb-2025 09:32:12 UTC] PHP Warning:  include(C:\xampp\htdocs\hotelmd/wp-content/themes/mandarinhotel/emails/job-application.php): Failed to open stream: No such file or directory in C:\xampp\htdocs\hotelmd\wp-content\themes\mandarinhotel\functions.php on line 356
[27-Feb-2025 09:32:12 UTC] PHP Warning:  include(): Failed opening 'C:\xampp\htdocs\hotelmd/wp-content/themes/mandarinhotel/emails/job-application.php' for inclusion (include_path='C:\xampp\php\PEAR') in C:\xampp\htdocs\hotelmd\wp-content\themes\mandarinhotel\functions.php on line 356
[27-Feb-2025 09:32:40 UTC] PHP Warning:  include(C:\xampp\htdocs\hotelmd/wp-content/themes/mandarinhotel/emails/job-application.php): Failed to open stream: No such file or directory in C:\xampp\htdocs\hotelmd\wp-content\themes\mandarinhotel\functions.php on line 356
[27-Feb-2025 09:32:40 UTC] PHP Warning:  include(): Failed opening 'C:\xampp\htdocs\hotelmd/wp-content/themes/mandarinhotel/emails/job-application.php' for inclusion (include_path='C:\xampp\php\PEAR') in C:\xampp\htdocs\hotelmd\wp-content\themes\mandarinhotel\functions.php on line 356
[27-Feb-2025 09:32:42 UTC] PHP Warning:  include(C:\xampp\htdocs\hotelmd/wp-content/themes/mandarinhotel/emails/job-application.php): Failed to open stream: No such file or directory in C:\xampp\htdocs\hotelmd\wp-content\themes\mandarinhotel\functions.php on line 356
[27-Feb-2025 09:32:42 UTC] PHP Warning:  include(): Failed opening 'C:\xampp\htdocs\hotelmd/wp-content/themes/mandarinhotel/emails/job-application.php' for inclusion (include_path='C:\xampp\php\PEAR') in C:\xampp\htdocs\hotelmd\wp-content\themes\mandarinhotel\functions.php on line 356
[27-Feb-2025 09:35:25 UTC] PHP Warning:  include(C:\xampp\htdocs\hotelmd/wp-content/themes/mandarinhotel/emails/job-application.php): Failed to open stream: No such file or directory in C:\xampp\htdocs\hotelmd\wp-content\themes\mandarinhotel\functions.php on line 338
[27-Feb-2025 09:35:25 UTC] PHP Warning:  include(): Failed opening 'C:\xampp\htdocs\hotelmd/wp-content/themes/mandarinhotel/emails/job-application.php' for inclusion (include_path='C:\xampp\php\PEAR') in C:\xampp\htdocs\hotelmd\wp-content\themes\mandarinhotel\functions.php on line 338
[27-Feb-2025 09:35:25 UTC] PHP Warning:  include(C:\xampp\htdocs\hotelmd/wp-content/themes/mandarinhotel/emails/job-application.php): Failed to open stream: No such file or directory in C:\xampp\htdocs\hotelmd\wp-content\themes\mandarinhotel\functions.php on line 338
[27-Feb-2025 09:35:25 UTC] PHP Warning:  include(): Failed opening 'C:\xampp\htdocs\hotelmd/wp-content/themes/mandarinhotel/emails/job-application.php' for inclusion (include_path='C:\xampp\php\PEAR') in C:\xampp\htdocs\hotelmd\wp-content\themes\mandarinhotel\functions.php on line 338
[27-Feb-2025 09:35:28 UTC] PHP Warning:  include(C:\xampp\htdocs\hotelmd/wp-content/themes/mandarinhotel/emails/job-application.php): Failed to open stream: No such file or directory in C:\xampp\htdocs\hotelmd\wp-content\themes\mandarinhotel\functions.php on line 338
[27-Feb-2025 09:35:28 UTC] PHP Warning:  include(): Failed opening 'C:\xampp\htdocs\hotelmd/wp-content/themes/mandarinhotel/emails/job-application.php' for inclusion (include_path='C:\xampp\php\PEAR') in C:\xampp\htdocs\hotelmd\wp-content\themes\mandarinhotel\functions.php on line 338
[27-Feb-2025 09:35:34 UTC] PHP Warning:  include(C:\xampp\htdocs\hotelmd/wp-content/themes/mandarinhotel/emails/job-application.php): Failed to open stream: No such file or directory in C:\xampp\htdocs\hotelmd\wp-content\themes\mandarinhotel\functions.php on line 338
[27-Feb-2025 09:35:34 UTC] PHP Warning:  include(): Failed opening 'C:\xampp\htdocs\hotelmd/wp-content/themes/mandarinhotel/emails/job-application.php' for inclusion (include_path='C:\xampp\php\PEAR') in C:\xampp\htdocs\hotelmd\wp-content\themes\mandarinhotel\functions.php on line 338
[27-Feb-2025 09:35:34 UTC] PHP Warning:  include(C:\xampp\htdocs\hotelmd/wp-content/themes/mandarinhotel/emails/job-application.php): Failed to open stream: No such file or directory in C:\xampp\htdocs\hotelmd\wp-content\themes\mandarinhotel\functions.php on line 338
[27-Feb-2025 09:35:34 UTC] PHP Warning:  include(): Failed opening 'C:\xampp\htdocs\hotelmd/wp-content/themes/mandarinhotel/emails/job-application.php' for inclusion (include_path='C:\xampp\php\PEAR') in C:\xampp\htdocs\hotelmd\wp-content\themes\mandarinhotel\functions.php on line 338
[27-Feb-2025 09:35:34 UTC] PHP Warning:  include(C:\xampp\htdocs\hotelmd/wp-content/themes/mandarinhotel/emails/job-application.php): Failed to open stream: No such file or directory in C:\xampp\htdocs\hotelmd\wp-content\themes\mandarinhotel\functions.php on line 338
[27-Feb-2025 09:35:34 UTC] PHP Warning:  include(): Failed opening 'C:\xampp\htdocs\hotelmd/wp-content/themes/mandarinhotel/emails/job-application.php' for inclusion (include_path='C:\xampp\php\PEAR') in C:\xampp\htdocs\hotelmd\wp-content\themes\mandarinhotel\functions.php on line 338
[27-Feb-2025 09:35:38 UTC] PHP Warning:  include(C:\xampp\htdocs\hotelmd/wp-content/themes/mandarinhotel/emails/job-application.php): Failed to open stream: No such file or directory in C:\xampp\htdocs\hotelmd\wp-content\themes\mandarinhotel\functions.php on line 338
[27-Feb-2025 09:35:38 UTC] PHP Warning:  include(): Failed opening 'C:\xampp\htdocs\hotelmd/wp-content/themes/mandarinhotel/emails/job-application.php' for inclusion (include_path='C:\xampp\php\PEAR') in C:\xampp\htdocs\hotelmd\wp-content\themes\mandarinhotel\functions.php on line 338
[27-Feb-2025 09:37:57 UTC] PHP Warning:  include(C:\xampp\htdocs\hotelmd/wp-content/themes/mandarinhotel/emails/job-application.php): Failed to open stream: No such file or directory in C:\xampp\htdocs\hotelmd\wp-content\themes\mandarinhotel\functions.php on line 338
[27-Feb-2025 09:37:57 UTC] PHP Warning:  include(): Failed opening 'C:\xampp\htdocs\hotelmd/wp-content/themes/mandarinhotel/emails/job-application.php' for inclusion (include_path='C:\xampp\php\PEAR') in C:\xampp\htdocs\hotelmd\wp-content\themes\mandarinhotel\functions.php on line 338
[27-Feb-2025 09:37:59 UTC] PHP Warning:  include(C:\xampp\htdocs\hotelmd/wp-content/themes/mandarinhotel/emails/job-application.php): Failed to open stream: No such file or directory in C:\xampp\htdocs\hotelmd\wp-content\themes\mandarinhotel\functions.php on line 338
[27-Feb-2025 09:37:59 UTC] PHP Warning:  include(): Failed opening 'C:\xampp\htdocs\hotelmd/wp-content/themes/mandarinhotel/emails/job-application.php' for inclusion (include_path='C:\xampp\php\PEAR') in C:\xampp\htdocs\hotelmd\wp-content\themes\mandarinhotel\functions.php on line 338
[27-Feb-2025 09:40:48 UTC] PHP Warning:  include(C:\xampp\htdocs\hotelmd/wp-content/themes/mandarinhotel/emails/job-application.php): Failed to open stream: No such file or directory in C:\xampp\htdocs\hotelmd\wp-content\themes\mandarinhotel\functions.php on line 338
[27-Feb-2025 09:40:48 UTC] PHP Warning:  include(): Failed opening 'C:\xampp\htdocs\hotelmd/wp-content/themes/mandarinhotel/emails/job-application.php' for inclusion (include_path='C:\xampp\php\PEAR') in C:\xampp\htdocs\hotelmd\wp-content\themes\mandarinhotel\functions.php on line 338
[27-Feb-2025 09:40:51 UTC] PHP Warning:  include(C:\xampp\htdocs\hotelmd/wp-content/themes/mandarinhotel/emails/job-application.php): Failed to open stream: No such file or directory in C:\xampp\htdocs\hotelmd\wp-content\themes\mandarinhotel\functions.php on line 338
[27-Feb-2025 09:40:51 UTC] PHP Warning:  include(): Failed opening 'C:\xampp\htdocs\hotelmd/wp-content/themes/mandarinhotel/emails/job-application.php' for inclusion (include_path='C:\xampp\php\PEAR') in C:\xampp\htdocs\hotelmd\wp-content\themes\mandarinhotel\functions.php on line 338
[27-Feb-2025 09:41:30 UTC] PHP Warning:  include(C:\xampp\htdocs\hotelmd/wp-content/themes/mandarinhotel/emails/job-application.php): Failed to open stream: No such file or directory in C:\xampp\htdocs\hotelmd\wp-content\themes\mandarinhotel\functions.php on line 338
[27-Feb-2025 09:41:30 UTC] PHP Warning:  include(): Failed opening 'C:\xampp\htdocs\hotelmd/wp-content/themes/mandarinhotel/emails/job-application.php' for inclusion (include_path='C:\xampp\php\PEAR') in C:\xampp\htdocs\hotelmd\wp-content\themes\mandarinhotel\functions.php on line 338
[27-Feb-2025 09:41:39 UTC] PHP Warning:  include(C:\xampp\htdocs\hotelmd/wp-content/themes/mandarinhotel/emails/job-application.php): Failed to open stream: No such file or directory in C:\xampp\htdocs\hotelmd\wp-content\themes\mandarinhotel\functions.php on line 338
[27-Feb-2025 09:41:39 UTC] PHP Warning:  include(): Failed opening 'C:\xampp\htdocs\hotelmd/wp-content/themes/mandarinhotel/emails/job-application.php' for inclusion (include_path='C:\xampp\php\PEAR') in C:\xampp\htdocs\hotelmd\wp-content\themes\mandarinhotel\functions.php on line 338
[27-Feb-2025 09:41:41 UTC] PHP Warning:  include(C:\xampp\htdocs\hotelmd/wp-content/themes/mandarinhotel/emails/job-application.php): Failed to open stream: No such file or directory in C:\xampp\htdocs\hotelmd\wp-content\themes\mandarinhotel\functions.php on line 338
[27-Feb-2025 09:41:41 UTC] PHP Warning:  include(): Failed opening 'C:\xampp\htdocs\hotelmd/wp-content/themes/mandarinhotel/emails/job-application.php' for inclusion (include_path='C:\xampp\php\PEAR') in C:\xampp\htdocs\hotelmd\wp-content\themes\mandarinhotel\functions.php on line 338
[27-Feb-2025 09:43:46 UTC] Échec de l'envoi de l'email
[27-Feb-2025 09:44:01 UTC] PHP Warning:  include(C:\xampp\htdocs\hotelmd/wp-content/themes/mandarinhotel/emails/job-application.php): Failed to open stream: No such file or directory in C:\xampp\htdocs\hotelmd\wp-content\themes\mandarinhotel\functions.php on line 338
[27-Feb-2025 09:44:01 UTC] PHP Warning:  include(): Failed opening 'C:\xampp\htdocs\hotelmd/wp-content/themes/mandarinhotel/emails/job-application.php' for inclusion (include_path='C:\xampp\php\PEAR') in C:\xampp\htdocs\hotelmd\wp-content\themes\mandarinhotel\functions.php on line 338
[27-Feb-2025 09:45:31 UTC] PHP Warning:  include(C:\xampp\htdocs\hotelmd/wp-content/themes/mandarinhotel/emails/job-application.php): Failed to open stream: No such file or directory in C:\xampp\htdocs\hotelmd\wp-content\themes\mandarinhotel\functions.php on line 338
[27-Feb-2025 09:45:31 UTC] PHP Warning:  include(): Failed opening 'C:\xampp\htdocs\hotelmd/wp-content/themes/mandarinhotel/emails/job-application.php' for inclusion (include_path='C:\xampp\php\PEAR') in C:\xampp\htdocs\hotelmd\wp-content\themes\mandarinhotel\functions.php on line 338
[27-Feb-2025 09:46:18 UTC] PHP Warning:  include(C:\xampp\htdocs\hotelmd/wp-content/themes/mandarinhotel/emails/job-application.php): Failed to open stream: No such file or directory in C:\xampp\htdocs\hotelmd\wp-content\themes\mandarinhotel\functions.php on line 339
[27-Feb-2025 09:46:18 UTC] PHP Warning:  include(): Failed opening 'C:\xampp\htdocs\hotelmd/wp-content/themes/mandarinhotel/emails/job-application.php' for inclusion (include_path='C:\xampp\php\PEAR') in C:\xampp\htdocs\hotelmd\wp-content\themes\mandarinhotel\functions.php on line 339
[27-Feb-2025 09:46:18 UTC] PHP Fatal error:  Uncaught Error: Call to undefined function dd() in C:\xampp\htdocs\hotelmd\wp-content\themes\mandarinhotel\functions.php:350
Stack trace:
#0 C:\xampp\htdocs\hotelmd\wp-includes\class-wp-hook.php(324): handle_job_form_submission('')
#1 C:\xampp\htdocs\hotelmd\wp-includes\class-wp-hook.php(348): WP_Hook->apply_filters('', Array)
#2 C:\xampp\htdocs\hotelmd\wp-includes\plugin.php(517): WP_Hook->do_action(Array)
#3 C:\xampp\htdocs\hotelmd\wp-admin\admin-ajax.php(192): do_action('wp_ajax_handle_...')
#4 {main}
  thrown in C:\xampp\htdocs\hotelmd\wp-content\themes\mandarinhotel\functions.php on line 350
[27-Feb-2025 09:46:49 UTC] PHP Warning:  include(C:\xampp\htdocs\hotelmd/wp-content/themes/mandarinhotel/emails/job-application.php): Failed to open stream: No such file or directory in C:\xampp\htdocs\hotelmd\wp-content\themes\mandarinhotel\functions.php on line 339
[27-Feb-2025 09:46:49 UTC] PHP Warning:  include(): Failed opening 'C:\xampp\htdocs\hotelmd/wp-content/themes/mandarinhotel/emails/job-application.php' for inclusion (include_path='C:\xampp\php\PEAR') in C:\xampp\htdocs\hotelmd\wp-content\themes\mandarinhotel\functions.php on line 339
[27-Feb-2025 09:46:49 UTC] PHP Fatal error:  Uncaught Error: Call to undefined function dd() in C:\xampp\htdocs\hotelmd\wp-content\themes\mandarinhotel\functions.php:350
Stack trace:
#0 C:\xampp\htdocs\hotelmd\wp-includes\class-wp-hook.php(324): handle_job_form_submission('')
#1 C:\xampp\htdocs\hotelmd\wp-includes\class-wp-hook.php(348): WP_Hook->apply_filters('', Array)
#2 C:\xampp\htdocs\hotelmd\wp-includes\plugin.php(517): WP_Hook->do_action(Array)
#3 C:\xampp\htdocs\hotelmd\wp-admin\admin-ajax.php(192): do_action('wp_ajax_handle_...')
#4 {main}
  thrown in C:\xampp\htdocs\hotelmd\wp-content\themes\mandarinhotel\functions.php on line 350
[27-Feb-2025 09:46:59 UTC] PHP Warning:  include(C:\xampp\htdocs\hotelmd/wp-content/themes/mandarinhotel/emails/job-application.php): Failed to open stream: No such file or directory in C:\xampp\htdocs\hotelmd\wp-content\themes\mandarinhotel\functions.php on line 339
[27-Feb-2025 09:46:59 UTC] PHP Warning:  include(): Failed opening 'C:\xampp\htdocs\hotelmd/wp-content/themes/mandarinhotel/emails/job-application.php' for inclusion (include_path='C:\xampp\php\PEAR') in C:\xampp\htdocs\hotelmd\wp-content\themes\mandarinhotel\functions.php on line 339
[27-Feb-2025 09:46:59 UTC] PHP Fatal error:  Uncaught Error: Call to undefined function dd() in C:\xampp\htdocs\hotelmd\wp-content\themes\mandarinhotel\functions.php:350
Stack trace:
#0 C:\xampp\htdocs\hotelmd\wp-includes\class-wp-hook.php(324): handle_job_form_submission('')
#1 C:\xampp\htdocs\hotelmd\wp-includes\class-wp-hook.php(348): WP_Hook->apply_filters('', Array)
#2 C:\xampp\htdocs\hotelmd\wp-includes\plugin.php(517): WP_Hook->do_action(Array)
#3 C:\xampp\htdocs\hotelmd\wp-admin\admin-ajax.php(192): do_action('wp_ajax_handle_...')
#4 {main}
  thrown in C:\xampp\htdocs\hotelmd\wp-content\themes\mandarinhotel\functions.php on line 350
[27-Feb-2025 09:47:07 UTC] PHP Warning:  include(C:\xampp\htdocs\hotelmd/wp-content/themes/mandarinhotel/emails/job-application.php): Failed to open stream: No such file or directory in C:\xampp\htdocs\hotelmd\wp-content\themes\mandarinhotel\functions.php on line 339
[27-Feb-2025 09:47:07 UTC] PHP Warning:  include(): Failed opening 'C:\xampp\htdocs\hotelmd/wp-content/themes/mandarinhotel/emails/job-application.php' for inclusion (include_path='C:\xampp\php\PEAR') in C:\xampp\htdocs\hotelmd\wp-content\themes\mandarinhotel\functions.php on line 339
[27-Feb-2025 09:47:07 UTC] PHP Fatal error:  Uncaught Error: Call to undefined function dd() in C:\xampp\htdocs\hotelmd\wp-content\themes\mandarinhotel\functions.php:350
Stack trace:
#0 C:\xampp\htdocs\hotelmd\wp-includes\class-wp-hook.php(324): handle_job_form_submission('')
#1 C:\xampp\htdocs\hotelmd\wp-includes\class-wp-hook.php(348): WP_Hook->apply_filters('', Array)
#2 C:\xampp\htdocs\hotelmd\wp-includes\plugin.php(517): WP_Hook->do_action(Array)
#3 C:\xampp\htdocs\hotelmd\wp-admin\admin-ajax.php(192): do_action('wp_ajax_handle_...')
#4 {main}
  thrown in C:\xampp\htdocs\hotelmd\wp-content\themes\mandarinhotel\functions.php on line 350
[27-Feb-2025 09:47:19 UTC] PHP Warning:  include(C:\xampp\htdocs\hotelmd/wp-content/themes/mandarinhotel/emails/job-application.php): Failed to open stream: No such file or directory in C:\xampp\htdocs\hotelmd\wp-content\themes\mandarinhotel\functions.php on line 339
[27-Feb-2025 09:47:19 UTC] PHP Warning:  include(): Failed opening 'C:\xampp\htdocs\hotelmd/wp-content/themes/mandarinhotel/emails/job-application.php' for inclusion (include_path='C:\xampp\php\PEAR') in C:\xampp\htdocs\hotelmd\wp-content\themes\mandarinhotel\functions.php on line 339
[27-Feb-2025 09:47:40 UTC] PHP Warning:  include(C:\xampp\htdocs\hotelmd/wp-content/themes/mandarinhotel/emails/job-application.php): Failed to open stream: No such file or directory in C:\xampp\htdocs\hotelmd\wp-content\themes\mandarinhotel\functions.php on line 339
[27-Feb-2025 09:47:40 UTC] PHP Warning:  include(): Failed opening 'C:\xampp\htdocs\hotelmd/wp-content/themes/mandarinhotel/emails/job-application.php' for inclusion (include_path='C:\xampp\php\PEAR') in C:\xampp\htdocs\hotelmd\wp-content\themes\mandarinhotel\functions.php on line 339
[27-Feb-2025 09:48:22 UTC] PHP Warning:  include(C:\xampp\htdocs\hotelmd/wp-content/themes/mandarinhotel/emails/job-application.php): Failed to open stream: No such file or directory in C:\xampp\htdocs\hotelmd\wp-content\themes\mandarinhotel\functions.php on line 339
[27-Feb-2025 09:48:22 UTC] PHP Warning:  include(): Failed opening 'C:\xampp\htdocs\hotelmd/wp-content/themes/mandarinhotel/emails/job-application.php' for inclusion (include_path='C:\xampp\php\PEAR') in C:\xampp\htdocs\hotelmd\wp-content\themes\mandarinhotel\functions.php on line 339
[27-Feb-2025 09:51:51 UTC] PHP Warning:  include(C:\xampp\htdocs\hotelmd/wp-content/themes/mandarinhotel/emails/job-application.php): Failed to open stream: No such file or directory in C:\xampp\htdocs\hotelmd\wp-content\themes\mandarinhotel\functions.php on line 339
[27-Feb-2025 09:51:51 UTC] PHP Warning:  include(): Failed opening 'C:\xampp\htdocs\hotelmd/wp-content/themes/mandarinhotel/emails/job-application.php' for inclusion (include_path='C:\xampp\php\PEAR') in C:\xampp\htdocs\hotelmd\wp-content\themes\mandarinhotel\functions.php on line 339
[27-Feb-2025 09:54:57 UTC] PHP Parse error:  syntax error, unexpected token "=" in C:\xampp\htdocs\hotelmd\wp-content\themes\mandarinhotel\functions.php on line 334
[27-Feb-2025 09:55:17 UTC] PHP Parse error:  syntax error, unexpected token "=" in C:\xampp\htdocs\hotelmd\wp-content\themes\mandarinhotel\functions.php on line 340
[27-Feb-2025 09:55:21 UTC] PHP Parse error:  syntax error, unexpected token "=" in C:\xampp\htdocs\hotelmd\wp-content\themes\mandarinhotel\functions.php on line 340
[27-Feb-2025 10:03:57 UTC] Email failed to send
[27-Feb-2025 10:04:24 UTC] Email failed to send
[27-Feb-2025 10:09:00 UTC] Email failed to send
[27-Feb-2025 10:19:07 UTC] PHP Warning:  Undefined array key "cv" in C:\xampp\htdocs\hotelmd\wp-content\themes\mandarinhotel\functions.php on line 337
[27-Feb-2025 10:19:07 UTC] PHP Warning:  Trying to access array offset on value of type null in C:\xampp\htdocs\hotelmd\wp-content\themes\mandarinhotel\functions.php on line 339
[27-Feb-2025 10:19:07 UTC] PHP Deprecated:  basename(): Passing null to parameter #1 ($path) of type string is deprecated in C:\xampp\htdocs\hotelmd\wp-content\themes\mandarinhotel\functions.php on line 339
[27-Feb-2025 10:19:07 UTC] PHP Warning:  Trying to access array offset on value of type null in C:\xampp\htdocs\hotelmd\wp-content\themes\mandarinhotel\functions.php on line 341
[27-Feb-2025 10:19:07 UTC] PHP Deprecated:  move_uploaded_file(): Passing null to parameter #1 ($from) of type string is deprecated in C:\xampp\htdocs\hotelmd\wp-content\themes\mandarinhotel\functions.php on line 341
[27-Feb-2025 10:24:03 UTC] PHP Parse error:  Unclosed '[' on line 345 does not match '}' in C:\xampp\htdocs\hotelmd\wp-content\themes\mandarinhotel\functions.php on line 347
[27-Feb-2025 10:24:03 UTC] PHP Notice:  La fonction _load_textdomain_just_in_time a été appelée de façon <strong>incorrecte</strong>. Le chargement de la traduction pour le domaine <code>mandarinhotel</code> a été déclenché trop tôt. Cela indique généralement que du code dans l’extension ou le thème s’exécute trop tôt. Les traductions doivent être chargées au moment de l’action <code>init</code> ou plus tard. Veuillez lire <a href="https://developer.wordpress.org/advanced-administration/debug/debug-wordpress/">Débogage dans WordPress</a> (en) pour plus d’informations. (Ce message a été ajouté à la version 6.7.0.) in C:\xampp\htdocs\hotelmd\wp-includes\functions.php on line 6114
[27-Feb-2025 10:24:03 UTC] PHP Warning:  Trying to access array offset on value of type bool in C:\xampp\htdocs\hotelmd\wp-includes\class-wp-recovery-mode-email-service.php on line 367
[27-Feb-2025 10:24:03 UTC] PHP Warning:  Trying to access array offset on value of type bool in C:\xampp\htdocs\hotelmd\wp-includes\class-wp-recovery-mode-email-service.php on line 368
[27-Feb-2025 10:46:28 UTC] PHP Warning:  Undefined array key "subject" in C:\xampp\htdocs\hotelmd\wp-content\themes\mandarinhotel\functions.php on line 388
[27-Feb-2025 10:46:28 UTC] PHP Warning:  Undefined array key "name" in C:\xampp\htdocs\hotelmd\wp-content\themes\mandarinhotel\functions.php on line 389
[27-Feb-2025 10:46:28 UTC] PHP Warning:  Undefined array key "email" in C:\xampp\htdocs\hotelmd\wp-content\themes\mandarinhotel\functions.php on line 390
[27-Feb-2025 10:46:28 UTC] PHP Deprecated:  strlen(): Passing null to parameter #1 ($string) of type string is deprecated in C:\xampp\htdocs\hotelmd\wp-includes\formatting.php on line 3744
[27-Feb-2025 10:46:28 UTC] PHP Warning:  Undefined array key "message" in C:\xampp\htdocs\hotelmd\wp-content\themes\mandarinhotel\functions.php on line 391
[27-Feb-2025 10:46:34 UTC] PHP Warning:  Undefined array key "subject" in C:\xampp\htdocs\hotelmd\wp-content\themes\mandarinhotel\functions.php on line 388
[27-Feb-2025 10:46:34 UTC] PHP Warning:  Undefined array key "name" in C:\xampp\htdocs\hotelmd\wp-content\themes\mandarinhotel\functions.php on line 389
[27-Feb-2025 10:46:34 UTC] PHP Warning:  Undefined array key "email" in C:\xampp\htdocs\hotelmd\wp-content\themes\mandarinhotel\functions.php on line 390
[27-Feb-2025 10:46:34 UTC] PHP Deprecated:  strlen(): Passing null to parameter #1 ($string) of type string is deprecated in C:\xampp\htdocs\hotelmd\wp-includes\formatting.php on line 3744
[27-Feb-2025 10:46:34 UTC] PHP Warning:  Undefined array key "message" in C:\xampp\htdocs\hotelmd\wp-content\themes\mandarinhotel\functions.php on line 391
[27-Feb-2025 10:50:18 UTC] PHP Warning:  Undefined array key "message" in C:\xampp\htdocs\hotelmd\wp-content\themes\mandarinhotel\functions.php on line 391
[27-Feb-2025 10:50:42 UTC] PHP Warning:  Undefined array key "message" in C:\xampp\htdocs\hotelmd\wp-content\themes\mandarinhotel\functions.php on line 391
